<?xml version="1.0" encoding="UTF-8"?>
<testng-results ignored="0" total="1" passed="1" failed="0" skipped="0">
  <reporter-output>
  </reporter-output>
  <suite started-at="2023-04-22T15:52:11 PST" name="Default suite" finished-at="2023-04-22T15:52:20 PST" duration-ms="9544">
    <groups>
    </groups>
    <test started-at="2023-04-22T15:52:11 PST" name="Default test" finished-at="2023-04-22T15:52:20 PST" duration-ms="9544">
      <class name="test.FBSignUpExtentReport">
        <test-method is-config="true" signature="setup()[pri:0, instance:test.FBSignUpExtentReport@6221a451]" started-at="2023-04-22T15:52:08 PST" name="setup" finished-at="2023-04-22T15:52:11 PST" duration-ms="3134" status="PASS">
          <reporter-output>
          </reporter-output>
        </test-method> <!-- setup -->
        <test-method signature="signUpTest()[pri:0, instance:test.FBSignUpExtentReport@6221a451]" started-at="2023-04-22T15:52:11 PST" name="signUpTest" finished-at="2023-04-22T15:52:20 PST" duration-ms="9495" status="PASS">
          <reporter-output>
          </reporter-output>
        </test-method> <!-- signUpTest -->
        <test-method is-config="true" signature="tearDown()[pri:0, instance:test.FBSignUpExtentReport@6221a451]" started-at="2023-04-22T15:52:20 PST" name="tearDown" finished-at="2023-04-22T15:52:21 PST" duration-ms="704" status="PASS">
          <reporter-output>
          </reporter-output>
        </test-method> <!-- tearDown -->
      </class> <!-- test.FBSignUpExtentReport -->
    </test> <!-- Default test -->
  </suite> <!-- Default suite -->
</testng-results>
